This is pdfTeX, Version 3.14159265-2.6-1.40.17 (TeX Live 2016) (preloaded format=pdflatex 2016.5.22)  13 FEB 2017 11:46
entering extended mode
 restricted \write18 enabled.
 %&-line parsing enabled.
**candidate-selection-careers.tex
(./candidate-selection-careers.tex
LaTeX2e <2016/03/31>
Babel <3.9r> and hyphenation patterns for 83 language(s) loaded.
(./sig-alternate-05-2015.cls
(/usr/local/texlive/2016/texmf-dist/tex/latex/graphics/epsfig.sty
Package: epsfig 1999/02/16 v1.7a (e)psfig emulation (SPQR)

(/usr/local/texlive/2016/texmf-dist/tex/latex/graphics/graphicx.sty
Package: graphicx 2014/10/28 v1.0g Enhanced LaTeX Graphics (DPC,SPQR)

(/usr/local/texlive/2016/texmf-dist/tex/latex/graphics/keyval.sty
Package: keyval 2014/10/28 v1.15 key=value parser (DPC)
\KV@toks@=\toks14
)
(/usr/local/texlive/2016/texmf-dist/tex/latex/graphics/graphics.sty
Package: graphics 2016/05/09 v1.0r Standard LaTeX Graphics (DPC,SPQR)

(/usr/local/texlive/2016/texmf-dist/tex/latex/graphics/trig.sty
Package: trig 2016/01/03 v1.10 sin cos tan (DPC)
)
(/usr/local/texlive/2016/texmf-dist/tex/latex/graphics-cfg/graphics.cfg
File: graphics.cfg 2016/01/02 v1.10 sample graphics configuration
)
Package graphics Info: Driver file: pdftex.def on input line 96.

(/usr/local/texlive/2016/texmf-dist/tex/latex/pdftex-def/pdftex.def
File: pdftex.def 2011/05/27 v0.06d Graphics/color for pdfTeX

(/usr/local/texlive/2016/texmf-dist/tex/generic/oberdiek/infwarerr.sty
Package: infwarerr 2016/05/16 v1.4 Providing info/warning/error messages (HO)
)
(/usr/local/texlive/2016/texmf-dist/tex/generic/oberdiek/ltxcmds.sty
Package: ltxcmds 2016/05/16 v1.23 LaTeX kernel commands for general use (HO)
)
\Gread@gobject=\count79
))
\Gin@req@height=\dimen102
\Gin@req@width=\dimen103
)
\epsfxsize=\dimen104
\epsfysize=\dimen105
)
(/usr/local/texlive/2016/texmf-dist/tex/latex/amsfonts/amssymb.sty
Package: amssymb 2013/01/14 v3.01 AMS font symbols

(/usr/local/texlive/2016/texmf-dist/tex/latex/amsfonts/amsfonts.sty
Package: amsfonts 2013/01/14 v3.01 Basic AMSFonts support
\@emptytoks=\toks15
\symAMSa=\mathgroup4
\symAMSb=\mathgroup5
LaTeX Font Info:    Overwriting math alphabet `\mathfrak' in version `bold'
(Font)                  U/euf/m/n --> U/euf/b/n on input line 106.
))
(/usr/local/texlive/2016/texmf-dist/tex/latex/amsmath/amsmath.sty
Package: amsmath 2016/03/10 v2.15b AMS math features
\@mathmargin=\skip41

For additional information on amsmath, use the `?' option.
(/usr/local/texlive/2016/texmf-dist/tex/latex/amsmath/amstext.sty
Package: amstext 2000/06/29 v2.01 AMS text

(/usr/local/texlive/2016/texmf-dist/tex/latex/amsmath/amsgen.sty
File: amsgen.sty 1999/11/30 v2.0 generic functions
\@emptytoks=\toks16
\ex@=\dimen106
))
(/usr/local/texlive/2016/texmf-dist/tex/latex/amsmath/amsbsy.sty
Package: amsbsy 1999/11/29 v1.2d Bold Symbols
\pmbraise@=\dimen107
)
(/usr/local/texlive/2016/texmf-dist/tex/latex/amsmath/amsopn.sty
Package: amsopn 2016/03/08 v2.02 operator names
)
\inf@bad=\count80
LaTeX Info: Redefining \frac on input line 199.
\uproot@=\count81
\leftroot@=\count82
LaTeX Info: Redefining \overline on input line 297.
\classnum@=\count83
\DOTSCASE@=\count84
LaTeX Info: Redefining \ldots on input line 394.
LaTeX Info: Redefining \dots on input line 397.
LaTeX Info: Redefining \cdots on input line 518.
\Mathstrutbox@=\box26
\strutbox@=\box27
\big@size=\dimen108
LaTeX Font Info:    Redeclaring font encoding OML on input line 634.
LaTeX Font Info:    Redeclaring font encoding OMS on input line 635.
\macc@depth=\count85
\c@MaxMatrixCols=\count86
\dotsspace@=\muskip10
\c@parentequation=\count87
\dspbrk@lvl=\count88
\tag@help=\toks17
\row@=\count89
\column@=\count90
\maxfields@=\count91
\andhelp@=\toks18
\eqnshift@=\dimen109
\alignsep@=\dimen110
\tagshift@=\dimen111
\tagwidth@=\dimen112
\totwidth@=\dimen113
\lineht@=\dimen114
\@envbody=\toks19
\multlinegap=\skip42
\multlinetaggap=\skip43
\mathdisplay@stack=\toks20
LaTeX Info: Redefining \[ on input line 2739.
LaTeX Info: Redefining \] on input line 2740.
)
Document Class 'sig-alternate' <9th June '13>. Modified by G.K.M. Tobin/Gerry M
urray/Boris Veytsman
Based in part upon document Style `acmconf' <22 May 89>. Hacked 4/91 by
shivers@cs.cmu.edu, 4/93 by theobald@cs.mcgill.ca
Excerpts were taken from (Journal Style) 'esub2acm.cls'.
****** Bugs/comments/suggestions/technicalities to Gerry Murray -- murray@hq.ac
m.org ******
Questions on the style, SIGS policies, etc. to Adrienne Griscti griscti@acm.org

\ACM@basesize=\count92
(/usr/local/texlive/2016/texmf-dist/tex/latex/comment/comment.sty
\CommentStream=\write3

Excluding comment 'comment') Excluding comment 'CCSXML'
\footheight=\dimen115
\@maxsep=\dimen116
\@dblmaxsep=\dimen117

(/usr/local/texlive/2016/texmf-dist/tex/generic/oberdiek/ifpdf.sty
Package: ifpdf 2016/05/14 v3.1 Provides the ifpdf switch
)
\aucount=\count93
\originalaucount=\count94
\auwidth=\dimen118
\auskip=\dimen119
\auskipcount=\count95
\auskip=\dimen120
\allauboxes=\dimen121
\addauthors=\toks21
\addauflag=\count96
\subtitletext=\toks22
\savesection=\count97
\sectioncntr=\count98
\c@figure=\count99
\c@table=\count100
\titleboxnotes=\toks23
\titleboxnoteflag=\count101


LaTeX Warning: You have requested document class `sig-alternate-05-2015',
               but the document class provides `sig-alternate'.

Document Class: sig-alternate 2013/05/12 v2.7 based on acmproc.cls V1.3 <Nov. 3
0 '99>
(/usr/local/texlive/2016/texmf-dist/tex/latex/base/latexsym.sty
Package: latexsym 1998/08/17 v2.2e Standard LaTeX package (lasy symbols)
\symlasy=\mathgroup6
LaTeX Font Info:    Overwriting symbol font `lasy' in version `bold'
(Font)                  U/lasy/m/n --> U/lasy/b/n on input line 52.
)
\@acmtitlebox=\box28
\titlenotecount=\count102
\tntoks=\toks24
\tntokstwo=\toks25
\tntoksthree=\toks26
\tntoksfour=\toks27
\tntoksfive=\toks28
\catcount=\count103
\copyrightnotice=\toks29
\conf=\toks30
\confinfo=\toks31
\c@part=\count104
\c@section=\count105
\c@subsection=\count106
\c@subsubsection=\count107
\c@paragraph=\count108

Using 'Abbrev' bibliography style
LaTeX Info: Redefining \cite on input line 1408.
\bibindent=\dimen122
\colcntr=\count109
\saveb@x=\box29
\copyrtyr=\toks32
\acmcopyr=\toks33
\boilerplate=\toks34
(/usr/local/texlive/2016/texmf-dist/tex/latex/url/url.sty
\Urlmuskip=\muskip11
Package: url 2013/09/16  ver 3.4  Verb mode for urls, etc.
) (./acmcopyright.sty
Package: acmcopyright 2014/06/29 v1.2 Copyright statemens for ACM classes

(/usr/local/texlive/2016/texmf-dist/tex/latex/xkeyval/xkeyval.sty
Package: xkeyval 2014/12/03 v2.7a package option processing (HA)

(/usr/local/texlive/2016/texmf-dist/tex/generic/xkeyval/xkeyval.tex
(/usr/local/texlive/2016/texmf-dist/tex/generic/xkeyval/xkvutils.tex
\XKV@toks=\toks35
\XKV@tempa@toks=\toks36
)
\XKV@depth=\count110
File: xkeyval.tex 2014/12/03 v2.7a key=value parser (HA)
)))
\copyrightetc=\toks37

(/usr/local/texlive/2016/texmf-dist/tex/latex/base/fontenc.sty
Package: fontenc 2005/09/27 v1.99g Standard LaTeX package

(/usr/local/texlive/2016/texmf-dist/tex/latex/base/t1enc.def
File: t1enc.def 2005/09/27 v1.99g Standard LaTeX file
LaTeX Font Info:    Redeclaring font encoding T1 on input line 48.
)
LaTeX Font Info:    Try loading font information for T1+aer on input line 105.

(/usr/local/texlive/2016/texmf-dist/tex/latex/ae/t1aer.fd
File: t1aer.fd 1997/11/16 Font definitions for T1/aer.
)))
(/usr/local/texlive/2016/texmf-dist/tex/latex/xcolor/xcolor.sty
Package: xcolor 2016/05/11 v2.12 LaTeX color extensions (UK)

(/usr/local/texlive/2016/texmf-dist/tex/latex/graphics-cfg/color.cfg
File: color.cfg 2016/01/02 v1.6 sample color configuration
)
Package xcolor Info: Driver file: pdftex.def on input line 225.
Package xcolor Info: Model `cmy' substituted by `cmy0' on input line 1348.
Package xcolor Info: Model `hsb' substituted by `rgb' on input line 1352.
Package xcolor Info: Model `RGB' extended on input line 1364.
Package xcolor Info: Model `HTML' substituted by `rgb' on input line 1366.
Package xcolor Info: Model `Hsb' substituted by `hsb' on input line 1367.
Package xcolor Info: Model `tHsb' substituted by `hsb' on input line 1368.
Package xcolor Info: Model `HSB' substituted by `hsb' on input line 1369.
Package xcolor Info: Model `Gray' substituted by `gray' on input line 1370.
Package xcolor Info: Model `wave' substituted by `hsb' on input line 1371.
)
(/usr/local/texlive/2016/texmf-dist/tex/latex/algorithms/algorithm.sty
Package: algorithm 2009/08/24 v0.1 Document Style `algorithm' - floating enviro
nment

(/usr/local/texlive/2016/texmf-dist/tex/latex/float/float.sty
Package: float 2001/11/08 v1.3d Float enhancements (AL)
\c@float@type=\count111
\float@exts=\toks38
\float@box=\box30
\@float@everytoks=\toks39
\@floatcapt=\box31
)
(/usr/local/texlive/2016/texmf-dist/tex/latex/base/ifthen.sty
Package: ifthen 2014/09/29 v1.1c Standard LaTeX ifthen package (DPC)
)
\@float@every@algorithm=\toks40
\c@algorithm=\count112
)
(/usr/local/texlive/2016/texmf-dist/tex/latex/algorithmicx/algpseudocode.sty
Package: algpseudocode 

(/usr/local/texlive/2016/texmf-dist/tex/latex/algorithmicx/algorithmicx.sty
Package: algorithmicx 2005/04/27 v1.2 Algorithmicx

Document Style algorithmicx 1.2 - a greatly improved `algorithmic' style
\c@ALG@line=\count113
\c@ALG@rem=\count114
\c@ALG@nested=\count115
\ALG@tlm=\skip44
\ALG@thistlm=\skip45
\c@ALG@Lnr=\count116
\c@ALG@blocknr=\count117
\c@ALG@storecount=\count118
\c@ALG@tmpcounter=\count119
\ALG@tmplength=\skip46
)
Document Style - pseudocode environments for use with the `algorithmicx' style
) (./candidate-selection-careers.aux

LaTeX Warning: Label `eqn:wand' multiply defined.


LaTeX Warning: Label `fig:offline-training-process' multiply defined.

)
\openout1 = `candidate-selection-careers.aux'.

LaTeX Font Info:    Checking defaults for OML/cmm/m/it on input line 61.
LaTeX Font Info:    ... okay on input line 61.
LaTeX Font Info:    Checking defaults for T1/cmr/m/n on input line 61.
LaTeX Font Info:    ... okay on input line 61.
LaTeX Font Info:    Checking defaults for OT1/cmr/m/n on input line 61.
LaTeX Font Info:    ... okay on input line 61.
LaTeX Font Info:    Checking defaults for OMS/cmsy/m/n on input line 61.
LaTeX Font Info:    ... okay on input line 61.
LaTeX Font Info:    Checking defaults for OMX/cmex/m/n on input line 61.
LaTeX Font Info:    ... okay on input line 61.
LaTeX Font Info:    Checking defaults for U/cmr/m/n on input line 61.
LaTeX Font Info:    ... okay on input line 61.
 (/usr/local/texlive/2016/texmf-dist/tex/context/base/mkii/supp-pdf.mkii
[Loading MPS to PDF converter (version 2006.09.02).]
\scratchcounter=\count120
\scratchdimen=\dimen123
\scratchbox=\box32
\nofMPsegments=\count121
\nofMParguments=\count122
\everyMPshowfont=\toks41
\MPscratchCnt=\count123
\MPscratchDim=\dimen124
\MPnumerator=\count124
\makeMPintoPDFobject=\count125
\everyMPtoPDFconversion=\toks42
) (/usr/local/texlive/2016/texmf-dist/tex/generic/oberdiek/pdftexcmds.sty
Package: pdftexcmds 2016/05/10 v0.21 Utility functions of pdfTeX for LuaTeX (HO
)

(/usr/local/texlive/2016/texmf-dist/tex/generic/oberdiek/ifluatex.sty
Package: ifluatex 2016/05/16 v1.4 Provides the ifluatex switch (HO)
Package ifluatex Info: LuaTeX not detected.
)
Package pdftexcmds Info: LuaTeX not detected.
Package pdftexcmds Info: \pdf@primitive is available.
Package pdftexcmds Info: \pdf@ifprimitive is available.
Package pdftexcmds Info: \pdfdraftmode found.
)
(/usr/local/texlive/2016/texmf-dist/tex/latex/oberdiek/epstopdf-base.sty
Package: epstopdf-base 2016/05/15 v2.6 Base part for package epstopdf

(/usr/local/texlive/2016/texmf-dist/tex/latex/oberdiek/grfext.sty
Package: grfext 2016/05/16 v1.2 Manage graphics extensions (HO)

(/usr/local/texlive/2016/texmf-dist/tex/generic/oberdiek/kvdefinekeys.sty
Package: kvdefinekeys 2016/05/16 v1.4 Define keys (HO)
))
(/usr/local/texlive/2016/texmf-dist/tex/latex/oberdiek/kvoptions.sty
Package: kvoptions 2016/05/16 v3.12 Key value format for package options (HO)

(/usr/local/texlive/2016/texmf-dist/tex/generic/oberdiek/kvsetkeys.sty
Package: kvsetkeys 2016/05/16 v1.17 Key value parser (HO)

(/usr/local/texlive/2016/texmf-dist/tex/generic/oberdiek/etexcmds.sty
Package: etexcmds 2016/05/16 v1.6 Avoid name clashes with e-TeX commands (HO)
Package etexcmds Info: Could not find \expanded.
(etexcmds)             That can mean that you are not using pdfTeX 1.50 or
(etexcmds)             that some package has redefined \expanded.
(etexcmds)             In the latter case, load this package earlier.
)))
Package grfext Info: Graphics extension search list:
(grfext)             [.png,.pdf,.jpg,.mps,.jpeg,.jbig2,.jb2,.PNG,.PDF,.JPG,.JPE
G,.JBIG2,.JB2,.eps]
(grfext)             \AppendGraphicsExtensions on input line 456.

(/usr/local/texlive/2016/texmf-dist/tex/latex/latexconfig/epstopdf-sys.cfg
File: epstopdf-sys.cfg 2010/07/13 v1.3 Configuration of (r)epstopdf for TeX Liv
e
))
LaTeX Font Info:    Try loading font information for U+msa on input line 134.

(/usr/local/texlive/2016/texmf-dist/tex/latex/amsfonts/umsa.fd
File: umsa.fd 2013/01/14 v3.01 AMS symbols A
)
LaTeX Font Info:    Try loading font information for U+msb on input line 134.

(/usr/local/texlive/2016/texmf-dist/tex/latex/amsfonts/umsb.fd
File: umsb.fd 2013/01/14 v3.01 AMS symbols B
)
LaTeX Font Info:    Try loading font information for U+lasy on input line 134.

(/usr/local/texlive/2016/texmf-dist/tex/latex/base/ulasy.fd
File: ulasy.fd 1998/08/17 v2.2e LaTeX symbol font definitions
)
LaTeX Font Info:    Try loading font information for T1+ptm on input line 134.

(/usr/local/texlive/2016/texmf-dist/tex/latex/psnfss/t1ptm.fd
File: t1ptm.fd 2001/06/04 font definitions for T1/ptm.
)
LaTeX Font Info:    Try loading font information for OMS+ptm on input line 134.


(/usr/local/texlive/2016/texmf-dist/tex/latex/psnfss/omsptm.fd
File: omsptm.fd 
)
LaTeX Font Info:    Font shape `OMS/ptm/m/n' in size <7> not available
(Font)              Font shape `OMS/cmsy/m/n' tried instead on input line 134.

Excluding 'CCSXML' comment.
LaTeX Font Info:    Try loading font information for OMS+aer on input line 203.


(/usr/local/texlive/2016/texmf-dist/tex/latex/ae/omsaer.fd
File: omsaer.fd 1999/12/27
)
LaTeX Font Info:    Font shape `OMS/aer/m/n' in size <9> not available
(Font)              Font shape `OMS/cmsy/m/n' tried instead on input line 203.
 (./introduction.tex
Underfull \vbox (badness 10000) has occurred while \output is active []

 [1{/usr/local/texlive/2016/texmf-var/fonts/map/pdftex/updmap/pdftex.map}


]
<jymbii.png, id=17, 749.80125pt x 309.155pt>
File: jymbii.png Graphic file (type png)
 <use jymbii.png>
Package pdftex.def Info: jymbii.png used on input line 82.
(pdftex.def)             Requested size: 239.9985pt x 98.9552pt.

<jymbii-in-feed.png, id=19, 510.90875pt x 266.9975pt>
File: jymbii-in-feed.png Graphic file (type png)
 <use jymbii-in-feed.png>
Package pdftex.def Info: jymbii-in-feed.png used on input line 88.
(pdftex.def)             Requested size: 239.99461pt x 125.41957pt.
) (./related-work.tex
Overfull \hbox (5.74062pt too wide) in paragraph at lines 47--49
[]\T1/aer/m/n/9 Testing all pos-si-ble fea-ture com-bi-na-tions be-come quickly

 []


Underfull \vbox (badness 1874) has occurred while \output is active []

 [2 <./jymbii.png> <./jymbii-in-feed.png>])
Overfull \hbox (7.30823pt too wide) in paragraph at lines 233--235
[]$\OML/cmm/m/it/9 R[]\OT1/cmr/m/n/9 (\OML/cmm/m/it/9 d; k\OT1/cmr/m/n/9 )$ \T1
/aer/m/n/9 rep-re-sent the un-der-ly-ing rank-ing func-tion which
 []

(./system-architecture.tex
LaTeX Font Info:    Try loading font information for T1+aett on input line 39.

(/usr/local/texlive/2016/texmf-dist/tex/latex/ae/t1aett.fd
File: t1aett.fd 1997/11/16 Font definitions for T1/aett.
)
Underfull \vbox (badness 2772) has occurred while \output is active []

 [3]
Overfull \hbox (33.09192pt too wide) in paragraph at lines 64--65
[]\T1/aett/m/n/9 +TITLE:marketing +SKILL:marketing +DE-SCRIP-TION:marketing 
 []


Overfull \hbox (28.3904pt too wide) in paragraph at lines 74--78
\T1/aer/m/n/9 op-er-a-tors as-so-ci-ated with weights $\OML/cmm/m/it/9 W \OT1/c
mr/m/n/9 = (\OML/cmm/m/it/9 w[]; w[]; [] w[]\OT1/cmr/m/n/9 )$\T1/aer/m/n/9 . WA
ND($\OML/cmm/m/it/9 X$\T1/aer/m/n/9 ,
 []


Overfull \hbox (5.57263pt too wide) in paragraph at lines 98--99
[]$\OML/cmm/m/it/9 X$ \T1/aer/m/n/9 = \T1/aett/m/n/9 (+TI-TLE:marketing, +SKILL
:marketing, +DE-SCRIP-
 []


Overfull \hbox (38.58134pt too wide) in paragraph at lines 126--130
[]\T1/aer/m/n/9 More for-mally given $\OML/cmm/m/it/9 k$ \T1/aer/m/n/9 con-jun-
tive query clauses $\OML/cmm/m/it/9 X \OT1/cmr/m/n/9 = (\OML/cmm/m/it/9 X[]; X\
OT1/cmr/m/n/9 2 [] \OML/cmm/m/it/9 X[]\OT1/cmr/m/n/9 )$
 []

<replay-architecture.png, id=31, 576.1525pt x 395.4775pt>
File: replay-architecture.png Graphic file (type png)

<use replay-architecture.png>
Package pdftex.def Info: replay-architecture.png used on input line 152.
(pdftex.def)             Requested size: 432.1133pt x 296.60739pt.

Overfull \hbox (1.30174pt too wide) in paragraph at lines 166--174
\T1/aer/m/n/9 were re-trieved, ranked and shown to the mem-bers and guests.
 []

[4]) <offline-indexing.png, id=38, 594.22pt x 266.9975pt>
File: offline-indexing.png Graphic file (type png)

<use offline-indexing.png>
Package pdftex.def Info: offline-indexing.png used on input line 269.
(pdftex.def)             Requested size: 240.00496pt x 107.84004pt.

<training-process.png, id=39, 801.99625pt x 282.05376pt>
File: training-process.png Graphic file (type png)

<use training-process.png>
Package pdftex.def Info: training-process.png used on input line 277.
(pdftex.def)             Requested size: 504.0pt x 177.25581pt.

<example-decision-tree.png, id=40, 885.3075pt x 241.90375pt>
File: example-decision-tree.png Graphic file (type png)

<use example-decision-tree.png>
Package pdftex.def Info: example-decision-tree.png used on input line 284.
(pdftex.def)             Requested size: 504.0pt x 137.71677pt.
 (./decision-trees2.tex
Overfull \hbox (3.33264pt too wide) in paragraph at lines 1--1
[]\secfnt QUERY CON-STRUC-TION AL-GO-RITHM 
 []


Overfull \hbox (3.97684pt too wide) in paragraph at lines 7--9
[]\T1/aer/m/n/9 Convert the de-ci-sion tree into query clauses with weight.
 []

) (./experiments.tex [5 <./replay-architecture.png> <./offline-indexing.png>]
[6 <./training-process.png> <./example-decision-tree.png>])
(./deployment-lessons.tex) (./candidate-selection-careers.bbl [7]
Underfull \vbox (badness 10000) has occurred while \output is active []

) [8]
(./candidate-selection-careers.aux)

LaTeX Warning: There were multiply-defined labels.

 ) 
Here is how much of TeX's memory you used:
 4393 strings out of 493014
 57857 string characters out of 6133351
 138968 words of memory out of 5000000
 7771 multiletter control sequences out of 15000+600000
 60234 words of font info for 84 fonts, out of 8000000 for 9000
 1141 hyphenation exceptions out of 8191
 41i,11n,35p,286b,478s stack positions out of 5000i,500n,10000p,200000b,80000s
{/usr/local/texlive/2016/texmf-dist/fonts/enc/dvips/base/8r.enc}</usr/local/t
exlive/2016/texmf-dist/fonts/type1/public/amsfonts/cm/cmbx9.pfb></usr/local/tex
live/2016/texmf-dist/fonts/type1/public/amsfonts/cmextra/cmex9.pfb></usr/local/
texlive/2016/texmf-dist/fonts/type1/public/amsfonts/cm/cmmi6.pfb></usr/local/te
xlive/2016/texmf-dist/fonts/type1/public/amsfonts/cm/cmmi9.pfb></usr/local/texl
ive/2016/texmf-dist/fonts/type1/public/amsfonts/cm/cmr6.pfb></usr/local/texlive
/2016/texmf-dist/fonts/type1/public/amsfonts/cm/cmr8.pfb></usr/local/texlive/20
16/texmf-dist/fonts/type1/public/amsfonts/cm/cmr9.pfb></usr/local/texlive/2016/
texmf-dist/fonts/type1/public/amsfonts/cm/cmsy6.pfb></usr/local/texlive/2016/te
xmf-dist/fonts/type1/public/amsfonts/cm/cmsy7.pfb></usr/local/texlive/2016/texm
f-dist/fonts/type1/public/amsfonts/cm/cmsy9.pfb></usr/local/texlive/2016/texmf-
dist/fonts/type1/public/amsfonts/cm/cmti9.pfb></usr/local/texlive/2016/texmf-di
st/fonts/type1/public/amsfonts/cm/cmtt9.pfb></usr/local/texlive/2016/texmf-dist
/fonts/type1/urw/helvetic/uhvb8a.pfb></usr/local/texlive/2016/texmf-dist/fonts/
type1/urw/helvetic/uhvr8a.pfb></usr/local/texlive/2016/texmf-dist/fonts/type1/u
rw/times/utmb8a.pfb></usr/local/texlive/2016/texmf-dist/fonts/type1/urw/times/u
tmr8a.pfb></usr/local/texlive/2016/texmf-dist/fonts/type1/urw/times/utmri8a.pfb
>
Output written on candidate-selection-careers.pdf (8 pages, 1291102 bytes).
PDF statistics:
 113 PDF objects out of 1000 (max. 8388607)
 73 compressed objects within 1 object stream
 0 named destinations out of 1000 (max. 500000)
 31 words of extra memory for PDF output out of 10000 (max. 10000000)

